<?xml version="1.0" encoding="UTF-8"?>
<testsuite xmlns:xsi="http://www.w3.org/2001/XMLSchema-instance" xsi:noNamespaceSchemaLocation="https://maven.apache.org/surefire/maven-surefire-plugin/xsd/surefire-test-report.xsd" name="ex4.TestHadoopBuilder" time="9.951" tests="1" errors="0" skipped="0" failures="0">
  <properties>
    <property name="sun.desktop" value="windows"/>
    <property name="awt.toolkit" value="sun.awt.windows.WToolkit"/>
    <property name="file.encoding.pkg" value="sun.io"/>
    <property name="java.specification.version" value="1.8"/>
    <property name="sun.cpu.isalist" value="amd64"/>
    <property name="sun.jnu.encoding" value="MS949"/>
    <property name="java.class.path" value="D:\TWorkspace\kakaobank\ex4\target\test-classes;D:\TWorkspace\kakaobank\ex4\target\classes;C:\Program Files\Java\jdk1.8.0_161\lib\tools.jar;C:\Users\CISUN\.m2\repository\mysql\mysql-connector-java\8.0.21\mysql-connector-java-8.0.21.jar;C:\Users\CISUN\.m2\repository\com\google\protobuf\protobuf-java\3.11.4\protobuf-java-3.11.4.jar;C:\Users\CISUN\.m2\repository\com\googlecode\json-simple\json-simple\1.1.1\json-simple-1.1.1.jar;C:\Users\CISUN\.m2\repository\junit\junit\4.10\junit-4.10.jar;C:\Users\CISUN\.m2\repository\org\hamcrest\hamcrest-core\1.1\hamcrest-core-1.1.jar;C:\Users\CISUN\.m2\repository\org\junit\jupiter\junit-jupiter-api\5.6.2\junit-jupiter-api-5.6.2.jar;C:\Users\CISUN\.m2\repository\org\apiguardian\apiguardian-api\1.1.0\apiguardian-api-1.1.0.jar;C:\Users\CISUN\.m2\repository\org\opentest4j\opentest4j\1.2.0\opentest4j-1.2.0.jar;C:\Users\CISUN\.m2\repository\org\junit\platform\junit-platform-commons\1.6.2\junit-platform-commons-1.6.2.jar;C:\Users\CISUN\.m2\repository\org\junit\jupiter\junit-jupiter-params\5.6.2\junit-jupiter-params-5.6.2.jar;C:\Users\CISUN\.m2\repository\org\junit\jupiter\junit-jupiter-engine\5.6.2\junit-jupiter-engine-5.6.2.jar;C:\Users\CISUN\.m2\repository\org\junit\platform\junit-platform-engine\1.6.2\junit-platform-engine-1.6.2.jar;C:\Users\CISUN\.m2\repository\org\apache\hadoop\hadoop-hdfs\3.0.0\hadoop-hdfs-3.0.0.jar;C:\Users\CISUN\.m2\repository\com\google\guava\guava\11.0.2\guava-11.0.2.jar;C:\Users\CISUN\.m2\repository\org\eclipse\jetty\jetty-server\9.3.19.v20170502\jetty-server-9.3.19.v20170502.jar;C:\Users\CISUN\.m2\repository\org\eclipse\jetty\jetty-http\9.3.19.v20170502\jetty-http-9.3.19.v20170502.jar;C:\Users\CISUN\.m2\repository\org\eclipse\jetty\jetty-io\9.3.19.v20170502\jetty-io-9.3.19.v20170502.jar;C:\Users\CISUN\.m2\repository\org\eclipse\jetty\jetty-util\9.3.19.v20170502\jetty-util-9.3.19.v20170502.jar;C:\Users\CISUN\.m2\repository\org\eclipse\jetty\jetty-util-ajax\9.3.19.v20170502\jetty-util-ajax-9.3.19.v20170502.jar;C:\Users\CISUN\.m2\repository\com\sun\jersey\jersey-core\1.19\jersey-core-1.19.jar;C:\Users\CISUN\.m2\repository\javax\ws\rs\jsr311-api\1.1.1\jsr311-api-1.1.1.jar;C:\Users\CISUN\.m2\repository\com\sun\jersey\jersey-server\1.19\jersey-server-1.19.jar;C:\Users\CISUN\.m2\repository\commons-cli\commons-cli\1.2\commons-cli-1.2.jar;C:\Users\CISUN\.m2\repository\commons-codec\commons-codec\1.4\commons-codec-1.4.jar;C:\Users\CISUN\.m2\repository\commons-io\commons-io\2.4\commons-io-2.4.jar;C:\Users\CISUN\.m2\repository\commons-lang\commons-lang\2.6\commons-lang-2.6.jar;C:\Users\CISUN\.m2\repository\commons-logging\commons-logging\1.1.3\commons-logging-1.1.3.jar;C:\Users\CISUN\.m2\repository\commons-daemon\commons-daemon\1.0.13\commons-daemon-1.0.13.jar;C:\Users\CISUN\.m2\repository\log4j\log4j\1.2.17\log4j-1.2.17.jar;C:\Users\CISUN\.m2\repository\javax\servlet\javax.servlet-api\3.1.0\javax.servlet-api-3.1.0.jar;C:\Users\CISUN\.m2\repository\io\netty\netty\3.10.5.Final\netty-3.10.5.Final.jar;C:\Users\CISUN\.m2\repository\io\netty\netty-all\4.0.23.Final\netty-all-4.0.23.Final.jar;C:\Users\CISUN\.m2\repository\org\apache\htrace\htrace-core4\4.1.0-incubating\htrace-core4-4.1.0-incubating.jar;C:\Users\CISUN\.m2\repository\org\fusesource\leveldbjni\leveldbjni-all\1.8\leveldbjni-all-1.8.jar;C:\Users\CISUN\.m2\repository\com\fasterxml\jackson\core\jackson-databind\2.7.8\jackson-databind-2.7.8.jar;C:\Users\CISUN\.m2\repository\com\fasterxml\jackson\core\jackson-annotations\2.7.0\jackson-annotations-2.7.0.jar;C:\Users\CISUN\.m2\repository\com\fasterxml\jackson\core\jackson-core\2.7.8\jackson-core-2.7.8.jar;C:\Users\CISUN\.m2\repository\org\apache\hadoop\hadoop-common\3.0.0\hadoop-common-3.0.0.jar;C:\Users\CISUN\.m2\repository\org\apache\hadoop\hadoop-annotations\3.0.0\hadoop-annotations-3.0.0.jar;C:\Users\CISUN\.m2\repository\org\apache\commons\commons-math3\3.1.1\commons-math3-3.1.1.jar;C:\Users\CISUN\.m2\repository\org\apache\httpcomponents\httpclient\4.5.2\httpclient-4.5.2.jar;C:\Users\CISUN\.m2\repository\org\apache\httpcomponents\httpcore\4.4.4\httpcore-4.4.4.jar;C:\Users\CISUN\.m2\repository\commons-net\commons-net\3.1\commons-net-3.1.jar;C:\Users\CISUN\.m2\repository\commons-collections\commons-collections\3.2.2\commons-collections-3.2.2.jar;C:\Users\CISUN\.m2\repository\org\eclipse\jetty\jetty-servlet\9.3.19.v20170502\jetty-servlet-9.3.19.v20170502.jar;C:\Users\CISUN\.m2\repository\org\eclipse\jetty\jetty-security\9.3.19.v20170502\jetty-security-9.3.19.v20170502.jar;C:\Users\CISUN\.m2\repository\org\eclipse\jetty\jetty-webapp\9.3.19.v20170502\jetty-webapp-9.3.19.v20170502.jar;C:\Users\CISUN\.m2\repository\org\eclipse\jetty\jetty-xml\9.3.19.v20170502\jetty-xml-9.3.19.v20170502.jar;C:\Users\CISUN\.m2\repository\javax\servlet\jsp\jsp-api\2.1\jsp-api-2.1.jar;C:\Users\CISUN\.m2\repository\com\sun\jersey\jersey-servlet\1.19\jersey-servlet-1.19.jar;C:\Users\CISUN\.m2\repository\com\sun\jersey\jersey-json\1.19\jersey-json-1.19.jar;C:\Users\CISUN\.m2\repository\org\codehaus\jettison\jettison\1.1\jettison-1.1.jar;C:\Users\CISUN\.m2\repository\com\sun\xml\bind\jaxb-impl\2.2.3-1\jaxb-impl-2.2.3-1.jar;C:\Users\CISUN\.m2\repository\org\codehaus\jackson\jackson-jaxrs\1.9.2\jackson-jaxrs-1.9.2.jar;C:\Users\CISUN\.m2\repository\org\codehaus\jackson\jackson-xc\1.9.2\jackson-xc-1.9.2.jar;C:\Users\CISUN\.m2\repository\commons-beanutils\commons-beanutils\1.9.3\commons-beanutils-1.9.3.jar;C:\Users\CISUN\.m2\repository\org\apache\commons\commons-configuration2\2.1.1\commons-configuration2-2.1.1.jar;C:\Users\CISUN\.m2\repository\org\apache\commons\commons-lang3\3.4\commons-lang3-3.4.jar;C:\Users\CISUN\.m2\repository\org\slf4j\slf4j-api\1.7.25\slf4j-api-1.7.25.jar;C:\Users\CISUN\.m2\repository\org\slf4j\slf4j-log4j12\1.7.25\slf4j-log4j12-1.7.25.jar;C:\Users\CISUN\.m2\repository\org\apache\avro\avro\1.7.7\avro-1.7.7.jar;C:\Users\CISUN\.m2\repository\com\thoughtworks\paranamer\paranamer\2.3\paranamer-2.3.jar;C:\Users\CISUN\.m2\repository\com\google\re2j\re2j\1.1\re2j-1.1.jar;C:\Users\CISUN\.m2\repository\com\google\code\gson\gson\2.2.4\gson-2.2.4.jar;C:\Users\CISUN\.m2\repository\org\apache\hadoop\hadoop-auth\3.0.0\hadoop-auth-3.0.0.jar;C:\Users\CISUN\.m2\repository\com\nimbusds\nimbus-jose-jwt\4.41.1\nimbus-jose-jwt-4.41.1.jar;C:\Users\CISUN\.m2\repository\com\github\stephenc\jcip\jcip-annotations\1.0-1\jcip-annotations-1.0-1.jar;C:\Users\CISUN\.m2\repository\net\minidev\json-smart\2.3\json-smart-2.3.jar;C:\Users\CISUN\.m2\repository\net\minidev\accessors-smart\1.2\accessors-smart-1.2.jar;C:\Users\CISUN\.m2\repository\org\ow2\asm\asm\5.0.4\asm-5.0.4.jar;C:\Users\CISUN\.m2\repository\org\apache\curator\curator-framework\2.12.0\curator-framework-2.12.0.jar;C:\Users\CISUN\.m2\repository\com\jcraft\jsch\0.1.54\jsch-0.1.54.jar;C:\Users\CISUN\.m2\repository\org\apache\curator\curator-client\2.12.0\curator-client-2.12.0.jar;C:\Users\CISUN\.m2\repository\org\apache\curator\curator-recipes\2.12.0\curator-recipes-2.12.0.jar;C:\Users\CISUN\.m2\repository\com\google\code\findbugs\jsr305\3.0.0\jsr305-3.0.0.jar;C:\Users\CISUN\.m2\repository\org\apache\zookeeper\zookeeper\3.4.9\zookeeper-3.4.9.jar;C:\Users\CISUN\.m2\repository\jline\jline\0.9.94\jline-0.9.94.jar;C:\Users\CISUN\.m2\repository\org\apache\commons\commons-compress\1.4.1\commons-compress-1.4.1.jar;C:\Users\CISUN\.m2\repository\org\tukaani\xz\1.0\xz-1.0.jar;C:\Users\CISUN\.m2\repository\org\apache\kerby\kerb-simplekdc\1.0.1\kerb-simplekdc-1.0.1.jar;C:\Users\CISUN\.m2\repository\org\apache\kerby\kerb-client\1.0.1\kerb-client-1.0.1.jar;C:\Users\CISUN\.m2\repository\org\apache\kerby\kerby-config\1.0.1\kerby-config-1.0.1.jar;C:\Users\CISUN\.m2\repository\org\apache\kerby\kerb-core\1.0.1\kerb-core-1.0.1.jar;C:\Users\CISUN\.m2\repository\org\apache\kerby\kerby-pkix\1.0.1\kerby-pkix-1.0.1.jar;C:\Users\CISUN\.m2\repository\org\apache\kerby\kerby-asn1\1.0.1\kerby-asn1-1.0.1.jar;C:\Users\CISUN\.m2\repository\org\apache\kerby\kerby-util\1.0.1\kerby-util-1.0.1.jar;C:\Users\CISUN\.m2\repository\org\apache\kerby\kerb-common\1.0.1\kerb-common-1.0.1.jar;C:\Users\CISUN\.m2\repository\org\apache\kerby\kerb-crypto\1.0.1\kerb-crypto-1.0.1.jar;C:\Users\CISUN\.m2\repository\org\apache\kerby\kerb-util\1.0.1\kerb-util-1.0.1.jar;C:\Users\CISUN\.m2\repository\org\apache\kerby\token-provider\1.0.1\token-provider-1.0.1.jar;C:\Users\CISUN\.m2\repository\org\apache\kerby\kerb-admin\1.0.1\kerb-admin-1.0.1.jar;C:\Users\CISUN\.m2\repository\org\apache\kerby\kerb-server\1.0.1\kerb-server-1.0.1.jar;C:\Users\CISUN\.m2\repository\org\apache\kerby\kerb-identity\1.0.1\kerb-identity-1.0.1.jar;C:\Users\CISUN\.m2\repository\org\apache\kerby\kerby-xdr\1.0.1\kerby-xdr-1.0.1.jar;C:\Users\CISUN\.m2\repository\org\codehaus\woodstox\stax2-api\3.1.4\stax2-api-3.1.4.jar;C:\Users\CISUN\.m2\repository\com\fasterxml\woodstox\woodstox-core\5.0.3\woodstox-core-5.0.3.jar;C:\Users\CISUN\.m2\repository\org\apache\hadoop\hadoop-minicluster\3.0.0\hadoop-minicluster-3.0.0.jar;C:\Users\CISUN\.m2\repository\org\apache\hadoop\hadoop-common\3.0.0\hadoop-common-3.0.0-tests.jar;C:\Users\CISUN\.m2\repository\org\apache\hadoop\hadoop-hdfs\3.0.0\hadoop-hdfs-3.0.0-tests.jar;C:\Users\CISUN\.m2\repository\org\apache\hadoop\hadoop-yarn-server-tests\3.0.0\hadoop-yarn-server-tests-3.0.0-tests.jar;C:\Users\CISUN\.m2\repository\org\apache\hadoop\hadoop-yarn-server-common\3.0.0\hadoop-yarn-server-common-3.0.0.jar;C:\Users\CISUN\.m2\repository\org\apache\geronimo\specs\geronimo-jcache_1.0_spec\1.0-alpha-1\geronimo-jcache_1.0_spec-1.0-alpha-1.jar;C:\Users\CISUN\.m2\repository\org\ehcache\ehcache\3.3.1\ehcache-3.3.1.jar;C:\Users\CISUN\.m2\repository\com\zaxxer\HikariCP-java7\2.4.12\HikariCP-java7-2.4.12.jar;C:\Users\CISUN\.m2\repository\com\microsoft\sqlserver\mssql-jdbc\6.2.1.jre7\mssql-jdbc-6.2.1.jre7.jar;C:\Users\CISUN\.m2\repository\org\apache\hadoop\hadoop-yarn-server-nodemanager\3.0.0\hadoop-yarn-server-nodemanager-3.0.0.jar;C:\Users\CISUN\.m2\repository\org\apache\hadoop\hadoop-yarn-registry\3.0.0\hadoop-yarn-registry-3.0.0.jar;C:\Users\CISUN\.m2\repository\com\sun\jersey\jersey-client\1.19\jersey-client-1.19.jar;C:\Users\CISUN\.m2\repository\com\codahale\metrics\metrics-core\3.0.1\metrics-core-3.0.1.jar;C:\Users\CISUN\.m2\repository\com\google\inject\guice\4.0\guice-4.0.jar;C:\Users\CISUN\.m2\repository\javax\inject\javax.inject\1\javax.inject-1.jar;C:\Users\CISUN\.m2\repository\aopalliance\aopalliance\1.0\aopalliance-1.0.jar;C:\Users\CISUN\.m2\repository\com\sun\jersey\contribs\jersey-guice\1.19\jersey-guice-1.19.jar;C:\Users\CISUN\.m2\repository\org\apache\hadoop\hadoop-yarn-server-resourcemanager\3.0.0\hadoop-yarn-server-resourcemanager-3.0.0.jar;C:\Users\CISUN\.m2\repository\org\apache\hadoop\hadoop-yarn-server-applicationhistoryservice\3.0.0\hadoop-yarn-server-applicationhistoryservice-3.0.0.jar;C:\Users\CISUN\.m2\repository\de\ruedigermoeller\fst\2.50\fst-2.50.jar;C:\Users\CISUN\.m2\repository\com\cedarsoftware\java-util\1.9.0\java-util-1.9.0.jar;C:\Users\CISUN\.m2\repository\com\cedarsoftware\json-io\2.5.1\json-io-2.5.1.jar;C:\Users\CISUN\.m2\repository\org\apache\hadoop\hadoop-yarn-server-timelineservice\3.0.0\hadoop-yarn-server-timelineservice-3.0.0.jar;C:\Users\CISUN\.m2\repository\org\apache\commons\commons-csv\1.0\commons-csv-1.0.jar;C:\Users\CISUN\.m2\repository\org\apache\hadoop\hadoop-yarn-common\3.0.0\hadoop-yarn-common-3.0.0.jar;C:\Users\CISUN\.m2\repository\com\fasterxml\jackson\module\jackson-module-jaxb-annotations\2.7.8\jackson-module-jaxb-annotations-2.7.8.jar;C:\Users\CISUN\.m2\repository\com\fasterxml\jackson\jaxrs\jackson-jaxrs-json-provider\2.7.8\jackson-jaxrs-json-provider-2.7.8.jar;C:\Users\CISUN\.m2\repository\com\fasterxml\jackson\jaxrs\jackson-jaxrs-base\2.7.8\jackson-jaxrs-base-2.7.8.jar;C:\Users\CISUN\.m2\repository\org\apache\hadoop\hadoop-mapreduce-client-jobclient\3.0.0\hadoop-mapreduce-client-jobclient-3.0.0-tests.jar;C:\Users\CISUN\.m2\repository\org\apache\hadoop\hadoop-mapreduce-client-common\3.0.0\hadoop-mapreduce-client-common-3.0.0.jar;C:\Users\CISUN\.m2\repository\com\google\inject\extensions\guice-servlet\4.0\guice-servlet-4.0.jar;C:\Users\CISUN\.m2\repository\org\apache\hadoop\hadoop-mapreduce-client-app\3.0.0\hadoop-mapreduce-client-app-3.0.0.jar;C:\Users\CISUN\.m2\repository\org\apache\hadoop\hadoop-yarn-server-web-proxy\3.0.0\hadoop-yarn-server-web-proxy-3.0.0.jar;C:\Users\CISUN\.m2\repository\org\apache\hadoop\hadoop-mapreduce-client-shuffle\3.0.0\hadoop-mapreduce-client-shuffle-3.0.0.jar;C:\Users\CISUN\.m2\repository\org\apache\hadoop\hadoop-yarn-api\3.0.0\hadoop-yarn-api-3.0.0.jar;C:\Users\CISUN\.m2\repository\javax\xml\bind\jaxb-api\2.2.11\jaxb-api-2.2.11.jar;C:\Users\CISUN\.m2\repository\org\apache\hadoop\hadoop-mapreduce-client-core\3.0.0\hadoop-mapreduce-client-core-3.0.0.jar;C:\Users\CISUN\.m2\repository\org\apache\hadoop\hadoop-yarn-client\3.0.0\hadoop-yarn-client-3.0.0.jar;C:\Users\CISUN\.m2\repository\org\apache\hadoop\hadoop-hdfs-client\3.0.0\hadoop-hdfs-client-3.0.0.jar;C:\Users\CISUN\.m2\repository\com\squareup\okhttp\okhttp\2.4.0\okhttp-2.4.0.jar;C:\Users\CISUN\.m2\repository\com\squareup\okio\okio\1.4.0\okio-1.4.0.jar;C:\Users\CISUN\.m2\repository\org\apache\hadoop\hadoop-mapreduce-client-jobclient\3.0.0\hadoop-mapreduce-client-jobclient-3.0.0.jar;C:\Users\CISUN\.m2\repository\org\apache\hadoop\hadoop-mapreduce-client-hs\3.0.0\hadoop-mapreduce-client-hs-3.0.0.jar;C:\Users\CISUN\.m2\repository\org\apache\parquet\parquet-hadoop\1.9.0\parquet-hadoop-1.9.0.jar;C:\Users\CISUN\.m2\repository\org\apache\parquet\parquet-format\2.3.1\parquet-format-2.3.1.jar;C:\Users\CISUN\.m2\repository\org\apache\parquet\parquet-jackson\1.9.0\parquet-jackson-1.9.0.jar;C:\Users\CISUN\.m2\repository\org\codehaus\jackson\jackson-mapper-asl\1.9.11\jackson-mapper-asl-1.9.11.jar;C:\Users\CISUN\.m2\repository\org\codehaus\jackson\jackson-core-asl\1.9.11\jackson-core-asl-1.9.11.jar;C:\Users\CISUN\.m2\repository\org\xerial\snappy\snappy-java\1.1.1.6\snappy-java-1.1.1.6.jar;C:\Users\CISUN\.m2\repository\commons-pool\commons-pool\1.5.4\commons-pool-1.5.4.jar;C:\Users\CISUN\.m2\repository\org\apache\parquet\parquet-column\1.9.0\parquet-column-1.9.0.jar;C:\Users\CISUN\.m2\repository\org\apache\parquet\parquet-common\1.9.0\parquet-common-1.9.0.jar;C:\Users\CISUN\.m2\repository\org\apache\parquet\parquet-encoding\1.9.0\parquet-encoding-1.9.0.jar;"/>
    <property name="java.vm.vendor" value="Oracle Corporation"/>
    <property name="sun.arch.data.model" value="64"/>
    <property name="user.variant" value=""/>
    <property name="java.vendor.url" value="http://java.oracle.com/"/>
    <property name="user.timezone" value="Asia/Seoul"/>
    <property name="java.vm.specification.version" value="1.8"/>
    <property name="os.name" value="Windows 10"/>
    <property name="user.country" value="KR"/>
    <property name="sun.java.launcher" value="SUN_STANDARD"/>
    <property name="sun.boot.library.path" value="C:\Program Files\Java\jdk1.8.0_161\jre\bin"/>
    <property name="sun.java.command" value="C:\Users\CISUN\AppData\Local\Temp\surefire6648234902714512626\surefirebooter1752211570022477861.jar C:\Users\CISUN\AppData\Local\Temp\surefire6648234902714512626 2020-09-20T22-30-46_211-jvmRun1 surefire849122123029384742tmp surefire_07924018653412412765tmp"/>
    <property name="surefire.test.class.path" value="D:\TWorkspace\kakaobank\ex4\target\test-classes;D:\TWorkspace\kakaobank\ex4\target\classes;C:\Program Files\Java\jdk1.8.0_161\lib\tools.jar;C:\Users\CISUN\.m2\repository\mysql\mysql-connector-java\8.0.21\mysql-connector-java-8.0.21.jar;C:\Users\CISUN\.m2\repository\com\google\protobuf\protobuf-java\3.11.4\protobuf-java-3.11.4.jar;C:\Users\CISUN\.m2\repository\com\googlecode\json-simple\json-simple\1.1.1\json-simple-1.1.1.jar;C:\Users\CISUN\.m2\repository\junit\junit\4.10\junit-4.10.jar;C:\Users\CISUN\.m2\repository\org\hamcrest\hamcrest-core\1.1\hamcrest-core-1.1.jar;C:\Users\CISUN\.m2\repository\org\junit\jupiter\junit-jupiter-api\5.6.2\junit-jupiter-api-5.6.2.jar;C:\Users\CISUN\.m2\repository\org\apiguardian\apiguardian-api\1.1.0\apiguardian-api-1.1.0.jar;C:\Users\CISUN\.m2\repository\org\opentest4j\opentest4j\1.2.0\opentest4j-1.2.0.jar;C:\Users\CISUN\.m2\repository\org\junit\platform\junit-platform-commons\1.6.2\junit-platform-commons-1.6.2.jar;C:\Users\CISUN\.m2\repository\org\junit\jupiter\junit-jupiter-params\5.6.2\junit-jupiter-params-5.6.2.jar;C:\Users\CISUN\.m2\repository\org\junit\jupiter\junit-jupiter-engine\5.6.2\junit-jupiter-engine-5.6.2.jar;C:\Users\CISUN\.m2\repository\org\junit\platform\junit-platform-engine\1.6.2\junit-platform-engine-1.6.2.jar;C:\Users\CISUN\.m2\repository\org\apache\hadoop\hadoop-hdfs\3.0.0\hadoop-hdfs-3.0.0.jar;C:\Users\CISUN\.m2\repository\com\google\guava\guava\11.0.2\guava-11.0.2.jar;C:\Users\CISUN\.m2\repository\org\eclipse\jetty\jetty-server\9.3.19.v20170502\jetty-server-9.3.19.v20170502.jar;C:\Users\CISUN\.m2\repository\org\eclipse\jetty\jetty-http\9.3.19.v20170502\jetty-http-9.3.19.v20170502.jar;C:\Users\CISUN\.m2\repository\org\eclipse\jetty\jetty-io\9.3.19.v20170502\jetty-io-9.3.19.v20170502.jar;C:\Users\CISUN\.m2\repository\org\eclipse\jetty\jetty-util\9.3.19.v20170502\jetty-util-9.3.19.v20170502.jar;C:\Users\CISUN\.m2\repository\org\eclipse\jetty\jetty-util-ajax\9.3.19.v20170502\jetty-util-ajax-9.3.19.v20170502.jar;C:\Users\CISUN\.m2\repository\com\sun\jersey\jersey-core\1.19\jersey-core-1.19.jar;C:\Users\CISUN\.m2\repository\javax\ws\rs\jsr311-api\1.1.1\jsr311-api-1.1.1.jar;C:\Users\CISUN\.m2\repository\com\sun\jersey\jersey-server\1.19\jersey-server-1.19.jar;C:\Users\CISUN\.m2\repository\commons-cli\commons-cli\1.2\commons-cli-1.2.jar;C:\Users\CISUN\.m2\repository\commons-codec\commons-codec\1.4\commons-codec-1.4.jar;C:\Users\CISUN\.m2\repository\commons-io\commons-io\2.4\commons-io-2.4.jar;C:\Users\CISUN\.m2\repository\commons-lang\commons-lang\2.6\commons-lang-2.6.jar;C:\Users\CISUN\.m2\repository\commons-logging\commons-logging\1.1.3\commons-logging-1.1.3.jar;C:\Users\CISUN\.m2\repository\commons-daemon\commons-daemon\1.0.13\commons-daemon-1.0.13.jar;C:\Users\CISUN\.m2\repository\log4j\log4j\1.2.17\log4j-1.2.17.jar;C:\Users\CISUN\.m2\repository\javax\servlet\javax.servlet-api\3.1.0\javax.servlet-api-3.1.0.jar;C:\Users\CISUN\.m2\repository\io\netty\netty\3.10.5.Final\netty-3.10.5.Final.jar;C:\Users\CISUN\.m2\repository\io\netty\netty-all\4.0.23.Final\netty-all-4.0.23.Final.jar;C:\Users\CISUN\.m2\repository\org\apache\htrace\htrace-core4\4.1.0-incubating\htrace-core4-4.1.0-incubating.jar;C:\Users\CISUN\.m2\repository\org\fusesource\leveldbjni\leveldbjni-all\1.8\leveldbjni-all-1.8.jar;C:\Users\CISUN\.m2\repository\com\fasterxml\jackson\core\jackson-databind\2.7.8\jackson-databind-2.7.8.jar;C:\Users\CISUN\.m2\repository\com\fasterxml\jackson\core\jackson-annotations\2.7.0\jackson-annotations-2.7.0.jar;C:\Users\CISUN\.m2\repository\com\fasterxml\jackson\core\jackson-core\2.7.8\jackson-core-2.7.8.jar;C:\Users\CISUN\.m2\repository\org\apache\hadoop\hadoop-common\3.0.0\hadoop-common-3.0.0.jar;C:\Users\CISUN\.m2\repository\org\apache\hadoop\hadoop-annotations\3.0.0\hadoop-annotations-3.0.0.jar;C:\Users\CISUN\.m2\repository\org\apache\commons\commons-math3\3.1.1\commons-math3-3.1.1.jar;C:\Users\CISUN\.m2\repository\org\apache\httpcomponents\httpclient\4.5.2\httpclient-4.5.2.jar;C:\Users\CISUN\.m2\repository\org\apache\httpcomponents\httpcore\4.4.4\httpcore-4.4.4.jar;C:\Users\CISUN\.m2\repository\commons-net\commons-net\3.1\commons-net-3.1.jar;C:\Users\CISUN\.m2\repository\commons-collections\commons-collections\3.2.2\commons-collections-3.2.2.jar;C:\Users\CISUN\.m2\repository\org\eclipse\jetty\jetty-servlet\9.3.19.v20170502\jetty-servlet-9.3.19.v20170502.jar;C:\Users\CISUN\.m2\repository\org\eclipse\jetty\jetty-security\9.3.19.v20170502\jetty-security-9.3.19.v20170502.jar;C:\Users\CISUN\.m2\repository\org\eclipse\jetty\jetty-webapp\9.3.19.v20170502\jetty-webapp-9.3.19.v20170502.jar;C:\Users\CISUN\.m2\repository\org\eclipse\jetty\jetty-xml\9.3.19.v20170502\jetty-xml-9.3.19.v20170502.jar;C:\Users\CISUN\.m2\repository\javax\servlet\jsp\jsp-api\2.1\jsp-api-2.1.jar;C:\Users\CISUN\.m2\repository\com\sun\jersey\jersey-servlet\1.19\jersey-servlet-1.19.jar;C:\Users\CISUN\.m2\repository\com\sun\jersey\jersey-json\1.19\jersey-json-1.19.jar;C:\Users\CISUN\.m2\repository\org\codehaus\jettison\jettison\1.1\jettison-1.1.jar;C:\Users\CISUN\.m2\repository\com\sun\xml\bind\jaxb-impl\2.2.3-1\jaxb-impl-2.2.3-1.jar;C:\Users\CISUN\.m2\repository\org\codehaus\jackson\jackson-jaxrs\1.9.2\jackson-jaxrs-1.9.2.jar;C:\Users\CISUN\.m2\repository\org\codehaus\jackson\jackson-xc\1.9.2\jackson-xc-1.9.2.jar;C:\Users\CISUN\.m2\repository\commons-beanutils\commons-beanutils\1.9.3\commons-beanutils-1.9.3.jar;C:\Users\CISUN\.m2\repository\org\apache\commons\commons-configuration2\2.1.1\commons-configuration2-2.1.1.jar;C:\Users\CISUN\.m2\repository\org\apache\commons\commons-lang3\3.4\commons-lang3-3.4.jar;C:\Users\CISUN\.m2\repository\org\slf4j\slf4j-api\1.7.25\slf4j-api-1.7.25.jar;C:\Users\CISUN\.m2\repository\org\slf4j\slf4j-log4j12\1.7.25\slf4j-log4j12-1.7.25.jar;C:\Users\CISUN\.m2\repository\org\apache\avro\avro\1.7.7\avro-1.7.7.jar;C:\Users\CISUN\.m2\repository\com\thoughtworks\paranamer\paranamer\2.3\paranamer-2.3.jar;C:\Users\CISUN\.m2\repository\com\google\re2j\re2j\1.1\re2j-1.1.jar;C:\Users\CISUN\.m2\repository\com\google\code\gson\gson\2.2.4\gson-2.2.4.jar;C:\Users\CISUN\.m2\repository\org\apache\hadoop\hadoop-auth\3.0.0\hadoop-auth-3.0.0.jar;C:\Users\CISUN\.m2\repository\com\nimbusds\nimbus-jose-jwt\4.41.1\nimbus-jose-jwt-4.41.1.jar;C:\Users\CISUN\.m2\repository\com\github\stephenc\jcip\jcip-annotations\1.0-1\jcip-annotations-1.0-1.jar;C:\Users\CISUN\.m2\repository\net\minidev\json-smart\2.3\json-smart-2.3.jar;C:\Users\CISUN\.m2\repository\net\minidev\accessors-smart\1.2\accessors-smart-1.2.jar;C:\Users\CISUN\.m2\repository\org\ow2\asm\asm\5.0.4\asm-5.0.4.jar;C:\Users\CISUN\.m2\repository\org\apache\curator\curator-framework\2.12.0\curator-framework-2.12.0.jar;C:\Users\CISUN\.m2\repository\com\jcraft\jsch\0.1.54\jsch-0.1.54.jar;C:\Users\CISUN\.m2\repository\org\apache\curator\curator-client\2.12.0\curator-client-2.12.0.jar;C:\Users\CISUN\.m2\repository\org\apache\curator\curator-recipes\2.12.0\curator-recipes-2.12.0.jar;C:\Users\CISUN\.m2\repository\com\google\code\findbugs\jsr305\3.0.0\jsr305-3.0.0.jar;C:\Users\CISUN\.m2\repository\org\apache\zookeeper\zookeeper\3.4.9\zookeeper-3.4.9.jar;C:\Users\CISUN\.m2\repository\jline\jline\0.9.94\jline-0.9.94.jar;C:\Users\CISUN\.m2\repository\org\apache\commons\commons-compress\1.4.1\commons-compress-1.4.1.jar;C:\Users\CISUN\.m2\repository\org\tukaani\xz\1.0\xz-1.0.jar;C:\Users\CISUN\.m2\repository\org\apache\kerby\kerb-simplekdc\1.0.1\kerb-simplekdc-1.0.1.jar;C:\Users\CISUN\.m2\repository\org\apache\kerby\kerb-client\1.0.1\kerb-client-1.0.1.jar;C:\Users\CISUN\.m2\repository\org\apache\kerby\kerby-config\1.0.1\kerby-config-1.0.1.jar;C:\Users\CISUN\.m2\repository\org\apache\kerby\kerb-core\1.0.1\kerb-core-1.0.1.jar;C:\Users\CISUN\.m2\repository\org\apache\kerby\kerby-pkix\1.0.1\kerby-pkix-1.0.1.jar;C:\Users\CISUN\.m2\repository\org\apache\kerby\kerby-asn1\1.0.1\kerby-asn1-1.0.1.jar;C:\Users\CISUN\.m2\repository\org\apache\kerby\kerby-util\1.0.1\kerby-util-1.0.1.jar;C:\Users\CISUN\.m2\repository\org\apache\kerby\kerb-common\1.0.1\kerb-common-1.0.1.jar;C:\Users\CISUN\.m2\repository\org\apache\kerby\kerb-crypto\1.0.1\kerb-crypto-1.0.1.jar;C:\Users\CISUN\.m2\repository\org\apache\kerby\kerb-util\1.0.1\kerb-util-1.0.1.jar;C:\Users\CISUN\.m2\repository\org\apache\kerby\token-provider\1.0.1\token-provider-1.0.1.jar;C:\Users\CISUN\.m2\repository\org\apache\kerby\kerb-admin\1.0.1\kerb-admin-1.0.1.jar;C:\Users\CISUN\.m2\repository\org\apache\kerby\kerb-server\1.0.1\kerb-server-1.0.1.jar;C:\Users\CISUN\.m2\repository\org\apache\kerby\kerb-identity\1.0.1\kerb-identity-1.0.1.jar;C:\Users\CISUN\.m2\repository\org\apache\kerby\kerby-xdr\1.0.1\kerby-xdr-1.0.1.jar;C:\Users\CISUN\.m2\repository\org\codehaus\woodstox\stax2-api\3.1.4\stax2-api-3.1.4.jar;C:\Users\CISUN\.m2\repository\com\fasterxml\woodstox\woodstox-core\5.0.3\woodstox-core-5.0.3.jar;C:\Users\CISUN\.m2\repository\org\apache\hadoop\hadoop-minicluster\3.0.0\hadoop-minicluster-3.0.0.jar;C:\Users\CISUN\.m2\repository\org\apache\hadoop\hadoop-common\3.0.0\hadoop-common-3.0.0-tests.jar;C:\Users\CISUN\.m2\repository\org\apache\hadoop\hadoop-hdfs\3.0.0\hadoop-hdfs-3.0.0-tests.jar;C:\Users\CISUN\.m2\repository\org\apache\hadoop\hadoop-yarn-server-tests\3.0.0\hadoop-yarn-server-tests-3.0.0-tests.jar;C:\Users\CISUN\.m2\repository\org\apache\hadoop\hadoop-yarn-server-common\3.0.0\hadoop-yarn-server-common-3.0.0.jar;C:\Users\CISUN\.m2\repository\org\apache\geronimo\specs\geronimo-jcache_1.0_spec\1.0-alpha-1\geronimo-jcache_1.0_spec-1.0-alpha-1.jar;C:\Users\CISUN\.m2\repository\org\ehcache\ehcache\3.3.1\ehcache-3.3.1.jar;C:\Users\CISUN\.m2\repository\com\zaxxer\HikariCP-java7\2.4.12\HikariCP-java7-2.4.12.jar;C:\Users\CISUN\.m2\repository\com\microsoft\sqlserver\mssql-jdbc\6.2.1.jre7\mssql-jdbc-6.2.1.jre7.jar;C:\Users\CISUN\.m2\repository\org\apache\hadoop\hadoop-yarn-server-nodemanager\3.0.0\hadoop-yarn-server-nodemanager-3.0.0.jar;C:\Users\CISUN\.m2\repository\org\apache\hadoop\hadoop-yarn-registry\3.0.0\hadoop-yarn-registry-3.0.0.jar;C:\Users\CISUN\.m2\repository\com\sun\jersey\jersey-client\1.19\jersey-client-1.19.jar;C:\Users\CISUN\.m2\repository\com\codahale\metrics\metrics-core\3.0.1\metrics-core-3.0.1.jar;C:\Users\CISUN\.m2\repository\com\google\inject\guice\4.0\guice-4.0.jar;C:\Users\CISUN\.m2\repository\javax\inject\javax.inject\1\javax.inject-1.jar;C:\Users\CISUN\.m2\repository\aopalliance\aopalliance\1.0\aopalliance-1.0.jar;C:\Users\CISUN\.m2\repository\com\sun\jersey\contribs\jersey-guice\1.19\jersey-guice-1.19.jar;C:\Users\CISUN\.m2\repository\org\apache\hadoop\hadoop-yarn-server-resourcemanager\3.0.0\hadoop-yarn-server-resourcemanager-3.0.0.jar;C:\Users\CISUN\.m2\repository\org\apache\hadoop\hadoop-yarn-server-applicationhistoryservice\3.0.0\hadoop-yarn-server-applicationhistoryservice-3.0.0.jar;C:\Users\CISUN\.m2\repository\de\ruedigermoeller\fst\2.50\fst-2.50.jar;C:\Users\CISUN\.m2\repository\com\cedarsoftware\java-util\1.9.0\java-util-1.9.0.jar;C:\Users\CISUN\.m2\repository\com\cedarsoftware\json-io\2.5.1\json-io-2.5.1.jar;C:\Users\CISUN\.m2\repository\org\apache\hadoop\hadoop-yarn-server-timelineservice\3.0.0\hadoop-yarn-server-timelineservice-3.0.0.jar;C:\Users\CISUN\.m2\repository\org\apache\commons\commons-csv\1.0\commons-csv-1.0.jar;C:\Users\CISUN\.m2\repository\org\apache\hadoop\hadoop-yarn-common\3.0.0\hadoop-yarn-common-3.0.0.jar;C:\Users\CISUN\.m2\repository\com\fasterxml\jackson\module\jackson-module-jaxb-annotations\2.7.8\jackson-module-jaxb-annotations-2.7.8.jar;C:\Users\CISUN\.m2\repository\com\fasterxml\jackson\jaxrs\jackson-jaxrs-json-provider\2.7.8\jackson-jaxrs-json-provider-2.7.8.jar;C:\Users\CISUN\.m2\repository\com\fasterxml\jackson\jaxrs\jackson-jaxrs-base\2.7.8\jackson-jaxrs-base-2.7.8.jar;C:\Users\CISUN\.m2\repository\org\apache\hadoop\hadoop-mapreduce-client-jobclient\3.0.0\hadoop-mapreduce-client-jobclient-3.0.0-tests.jar;C:\Users\CISUN\.m2\repository\org\apache\hadoop\hadoop-mapreduce-client-common\3.0.0\hadoop-mapreduce-client-common-3.0.0.jar;C:\Users\CISUN\.m2\repository\com\google\inject\extensions\guice-servlet\4.0\guice-servlet-4.0.jar;C:\Users\CISUN\.m2\repository\org\apache\hadoop\hadoop-mapreduce-client-app\3.0.0\hadoop-mapreduce-client-app-3.0.0.jar;C:\Users\CISUN\.m2\repository\org\apache\hadoop\hadoop-yarn-server-web-proxy\3.0.0\hadoop-yarn-server-web-proxy-3.0.0.jar;C:\Users\CISUN\.m2\repository\org\apache\hadoop\hadoop-mapreduce-client-shuffle\3.0.0\hadoop-mapreduce-client-shuffle-3.0.0.jar;C:\Users\CISUN\.m2\repository\org\apache\hadoop\hadoop-yarn-api\3.0.0\hadoop-yarn-api-3.0.0.jar;C:\Users\CISUN\.m2\repository\javax\xml\bind\jaxb-api\2.2.11\jaxb-api-2.2.11.jar;C:\Users\CISUN\.m2\repository\org\apache\hadoop\hadoop-mapreduce-client-core\3.0.0\hadoop-mapreduce-client-core-3.0.0.jar;C:\Users\CISUN\.m2\repository\org\apache\hadoop\hadoop-yarn-client\3.0.0\hadoop-yarn-client-3.0.0.jar;C:\Users\CISUN\.m2\repository\org\apache\hadoop\hadoop-hdfs-client\3.0.0\hadoop-hdfs-client-3.0.0.jar;C:\Users\CISUN\.m2\repository\com\squareup\okhttp\okhttp\2.4.0\okhttp-2.4.0.jar;C:\Users\CISUN\.m2\repository\com\squareup\okio\okio\1.4.0\okio-1.4.0.jar;C:\Users\CISUN\.m2\repository\org\apache\hadoop\hadoop-mapreduce-client-jobclient\3.0.0\hadoop-mapreduce-client-jobclient-3.0.0.jar;C:\Users\CISUN\.m2\repository\org\apache\hadoop\hadoop-mapreduce-client-hs\3.0.0\hadoop-mapreduce-client-hs-3.0.0.jar;C:\Users\CISUN\.m2\repository\org\apache\parquet\parquet-hadoop\1.9.0\parquet-hadoop-1.9.0.jar;C:\Users\CISUN\.m2\repository\org\apache\parquet\parquet-format\2.3.1\parquet-format-2.3.1.jar;C:\Users\CISUN\.m2\repository\org\apache\parquet\parquet-jackson\1.9.0\parquet-jackson-1.9.0.jar;C:\Users\CISUN\.m2\repository\org\codehaus\jackson\jackson-mapper-asl\1.9.11\jackson-mapper-asl-1.9.11.jar;C:\Users\CISUN\.m2\repository\org\codehaus\jackson\jackson-core-asl\1.9.11\jackson-core-asl-1.9.11.jar;C:\Users\CISUN\.m2\repository\org\xerial\snappy\snappy-java\1.1.1.6\snappy-java-1.1.1.6.jar;C:\Users\CISUN\.m2\repository\commons-pool\commons-pool\1.5.4\commons-pool-1.5.4.jar;C:\Users\CISUN\.m2\repository\org\apache\parquet\parquet-column\1.9.0\parquet-column-1.9.0.jar;C:\Users\CISUN\.m2\repository\org\apache\parquet\parquet-common\1.9.0\parquet-common-1.9.0.jar;C:\Users\CISUN\.m2\repository\org\apache\parquet\parquet-encoding\1.9.0\parquet-encoding-1.9.0.jar;"/>
    <property name="sun.cpu.endian" value="little"/>
    <property name="user.home" value="C:\Users\CISUN"/>
    <property name="user.language" value="ko"/>
    <property name="java.specification.vendor" value="Oracle Corporation"/>
    <property name="java.home" value="C:\Program Files\Java\jdk1.8.0_161\jre"/>
    <property name="basedir" value="D:\TWorkspace\kakaobank\ex4"/>
    <property name="file.separator" value="\"/>
    <property name="line.separator" value="&#10;"/>
    <property name="java.vm.specification.vendor" value="Oracle Corporation"/>
    <property name="java.specification.name" value="Java Platform API Specification"/>
    <property name="java.awt.graphicsenv" value="sun.awt.Win32GraphicsEnvironment"/>
    <property name="surefire.real.class.path" value="C:\Users\CISUN\AppData\Local\Temp\surefire6648234902714512626\surefirebooter1752211570022477861.jar"/>
    <property name="sun.boot.class.path" value="C:\Program Files\Java\jdk1.8.0_161\jre\lib\resources.jar;C:\Program Files\Java\jdk1.8.0_161\jre\lib\rt.jar;C:\Program Files\Java\jdk1.8.0_161\jre\lib\sunrsasign.jar;C:\Program Files\Java\jdk1.8.0_161\jre\lib\jsse.jar;C:\Program Files\Java\jdk1.8.0_161\jre\lib\jce.jar;C:\Program Files\Java\jdk1.8.0_161\jre\lib\charsets.jar;C:\Program Files\Java\jdk1.8.0_161\jre\lib\jfr.jar;C:\Program Files\Java\jdk1.8.0_161\jre\classes"/>
    <property name="user.script" value=""/>
    <property name="sun.management.compiler" value="HotSpot 64-Bit Tiered Compilers"/>
    <property name="java.runtime.version" value="1.8.0_161-b12"/>
    <property name="user.name" value="CISUN"/>
    <property name="path.separator" value=";"/>
    <property name="os.version" value="10.0"/>
    <property name="java.endorsed.dirs" value="C:\Program Files\Java\jdk1.8.0_161\jre\lib\endorsed"/>
    <property name="java.runtime.name" value="Java(TM) SE Runtime Environment"/>
    <property name="file.encoding" value="MS949"/>
    <property name="java.vm.name" value="Java HotSpot(TM) 64-Bit Server VM"/>
    <property name="localRepository" value="C:\Users\CISUN\.m2\repository"/>
    <property name="java.vendor.url.bug" value="http://bugreport.sun.com/bugreport/"/>
    <property name="java.io.tmpdir" value="C:\Users\CISUN\AppData\Local\Temp\"/>
    <property name="java.version" value="1.8.0_161"/>
    <property name="user.dir" value="D:\TWorkspace\kakaobank\ex4"/>
    <property name="os.arch" value="amd64"/>
    <property name="java.vm.specification.name" value="Java Virtual Machine Specification"/>
    <property name="java.awt.printerjob" value="sun.awt.windows.WPrinterJob"/>
    <property name="sun.os.patch.level" value=""/>
    <property name="java.library.path" value="C:\Program Files\Java\jdk1.8.0_161\jre\bin;C:\WINDOWS\Sun\Java\bin;C:\WINDOWS\system32;C:\WINDOWS;C:/Program Files/Java/jre1.8.0_161/bin/server;C:/Program Files/Java/jre1.8.0_161/bin;C:/Program Files/Java/jre1.8.0_161/lib/amd64;C:\ProgramData\Oracle\Java\javapath;C:\Program Files\Microsoft MPI\Bin\;C:\WINDOWS\system32;C:\WINDOWS;C:\WINDOWS\System32\Wbem;C:\WINDOWS\System32\WindowsPowerShell\v1.0\;C:\WINDOWS\System32\OpenSSH\;C:\Program Files (x86)\Microsoft SQL Server\140\Tools\Binn\;C:\Program Files\Microsoft SQL Server\140\Tools\Binn\;C:\Program Files (x86)\Microsoft SQL Server\140\DTS\Binn\;C:\Program Files\Microsoft SQL Server\140\DTS\Binn\;C:\Program Files\Microsoft SQL Server\Client SDK\ODBC\130\Tools\Binn\;C:\Program Files (x86)\Microsoft SQL Server\Client SDK\ODBC\130\Tools\Binn\;C:\Program Files (x86)\Microsoft SQL Server\140\Tools\Binn\ManagementStudio\;C:\Program Files\dotnet\;C:\Program Files\Microsoft SQL Server\130\Tools\Binn\;C:\Program Files\Git\cmd;C:\Program Files\Java\jdk1.8.0_161\bin;C:\Program Files (x86)\Microsoft Visual Studio\Shared\Python36_64\;C:\Program Files (x86)\Microsoft Visual Studio\Shared\Python36_64\Scripts\;C:\Program Files\TortoiseSVN\bin;D:\TWorkspace\mysql-8.0.21-winx64\bin;D:\Java Ref\Maven\apache-maven-3.3.9\bin;C:\Users\CISUN\AppData\Local\Microsoft\WindowsApps;C:\Users\CISUN\AppData\Local\atom\bin;C:\Users\CISUN\.dotnet\tools;C:\Users\CISUN\AppData\Local\Programs\Fiddler;C:\Users\CISUN\.dotnet\tools;C:\Users\CISUN\AppData\Local\Microsoft\WindowsApps;;D:\Java Ref\eclipse\eclipse_IDE201909_sun;;."/>
    <property name="java.vm.info" value="mixed mode"/>
    <property name="java.vendor" value="Oracle Corporation"/>
    <property name="java.vm.version" value="25.161-b12"/>
    <property name="java.ext.dirs" value="C:\Program Files\Java\jdk1.8.0_161\jre\lib\ext;C:\WINDOWS\Sun\Java\lib\ext"/>
    <property name="sun.io.unicode.encoding" value="UnicodeLittle"/>
    <property name="java.class.version" value="52.0"/>
  </properties>
  <testcase name="test" classname="ex4.TestHadoopBuilder" time="0.725"/>
</testsuite>